Flow report for parte3
Mon Sep 23 14:21:30 2024
Quartus Prime Version 21.1.0 Build 842 10/21/2021 SJ Lite Edition


---------------------
; Table of Contents ;
---------------------
  1. Legal Notice
  2. Flow Summary
  3. Flow Settings
  4. Flow Non-Default Global Settings
  5. Flow Elapsed Time
  6. Flow OS Summary
  7. Flow Log
  8. Flow Messages
  9. Flow Suppressed Messages



----------------
; Legal Notice ;
----------------
Copyright (C) 2021  Intel Corporation. All rights reserved.
Your use of Intel Corporation's design tools, logic functions 
and other software and tools, and any partner logic 
functions, and any output files from any of the foregoing 
(including device programming or simulation files), and any 
associated documentation or information are expressly subject 
to the terms and conditions of the Intel Program License 
Subscription Agreement, the Intel Quartus Prime License Agreement,
the Intel FPGA IP License Agreement, or other applicable license
agreement, including, without limitation, that your use is for
the sole purpose of programming logic devices manufactured by
Intel and sold by Intel or its authorized distributors.  Please
refer to the applicable agreement for further details, at
https://fpgasoftware.intel.com/eula.



+-------------------------------------------------------------------------------------------+
; Flow Summary                                                                              ;
+------------------------------------+------------------------------------------------------+
; Flow Status                        ; EDA Netlist Writer Failed - Mon Sep 23 14:21:30 2024 ;
; Quartus Prime Version              ; 21.1.0 Build 842 10/21/2021 SJ Lite Edition          ;
; Revision Name                      ; parte3                                               ;
; Top-level Entity Name              ; parte3                                               ;
; Family                             ; Cyclone IV E                                         ;
; Device                             ; EP4CE115F29C7                                        ;
; Timing Models                      ; Final                                                ;
; Total logic elements               ; 16 / 114,480 ( < 1 % )                               ;
;     Total combinational functions  ; 16 / 114,480 ( < 1 % )                               ;
;     Dedicated logic registers      ; 8 / 114,480 ( < 1 % )                                ;
; Total registers                    ; 8                                                    ;
; Total pins                         ; 11 / 529 ( 2 % )                                     ;
; Total virtual pins                 ; 0                                                    ;
; Total memory bits                  ; 0 / 3,981,312 ( 0 % )                                ;
; Embedded Multiplier 9-bit elements ; 0 / 532 ( 0 % )                                      ;
; Total PLLs                         ; 0 / 4 ( 0 % )                                        ;
+------------------------------------+------------------------------------------------------+


+-----------------------------------------+
; Flow Settings                           ;
+-------------------+---------------------+
; Option            ; Setting             ;
+-------------------+---------------------+
; Start date & time ; 09/23/2024 14:18:05 ;
; Main task         ; Compilation         ;
; Revision Name     ; parte3              ;
+-------------------+---------------------+


+-------------------------------------------------------------------------------------------------------------------------+
; Flow Non-Default Global Settings                                                                                        ;
+-------------------------------------+----------------------------------------+---------------+-------------+------------+
; Assignment Name                     ; Value                                  ; Default Value ; Entity Name ; Section Id ;
+-------------------------------------+----------------------------------------+---------------+-------------+------------+
; COMPILER_SIGNATURE_ID               ; 10995770589196.172711188500312         ; --            ; --          ; --         ;
; MAX_CORE_JUNCTION_TEMP              ; 85                                     ; --            ; --          ; --         ;
; MIN_CORE_JUNCTION_TEMP              ; 0                                      ; --            ; --          ; --         ;
; NOMINAL_CORE_SUPPLY_VOLTAGE         ; 1.2V                                   ; --            ; --          ; --         ;
; PARTITION_COLOR                     ; -- (Not supported for targeted family) ; --            ; --          ; Top        ;
; PARTITION_FITTER_PRESERVATION_LEVEL ; -- (Not supported for targeted family) ; --            ; --          ; Top        ;
; PARTITION_NETLIST_TYPE              ; -- (Not supported for targeted family) ; --            ; --          ; Top        ;
; PROJECT_OUTPUT_DIRECTORY            ; output_files                           ; --            ; --          ; --         ;
+-------------------------------------+----------------------------------------+---------------+-------------+------------+


+--------------------------------------------------------------------------------------------------------------------------+
; Flow Elapsed Time                                                                                                        ;
+----------------------+--------------+-------------------------+---------------------+------------------------------------+
; Module Name          ; Elapsed Time ; Average Processors Used ; Peak Virtual Memory ; Total CPU Time (on all processors) ;
+----------------------+--------------+-------------------------+---------------------+------------------------------------+
; Analysis & Synthesis ; 00:00:10     ; 1.0                     ; 4826 MB             ; 00:00:19                           ;
; Fitter               ; 00:00:12     ; 1.0                     ; 5703 MB             ; 00:00:17                           ;
; Assembler            ; 00:00:02     ; 1.0                     ; 4709 MB             ; 00:00:03                           ;
; Timing Analyzer      ; 00:00:02     ; 1.0                     ; 4854 MB             ; 00:00:02                           ;
; EDA Netlist Writer   ; 00:00:01     ; 1.0                     ; 4647 MB             ; 00:00:01                           ;
; EDA Netlist Writer   ; 00:00:00     ; 1.0                     ; 4647 MB             ; 00:00:00                           ;
; EDA Netlist Writer   ; 00:00:01     ; 1.0                     ; 4647 MB             ; 00:00:01                           ;
; EDA Netlist Writer   ; 00:00:01     ; 1.0                     ; 4647 MB             ; 00:00:01                           ;
; Total                ; 00:00:29     ; --                      ; --                  ; 00:00:44                           ;
+----------------------+--------------+-------------------------+---------------------+------------------------------------+


+------------------------------------------------------------------------------------+
; Flow OS Summary                                                                    ;
+----------------------+------------------+------------+------------+----------------+
; Module Name          ; Machine Hostname ; OS Name    ; OS Version ; Processor type ;
+----------------------+------------------+------------+------------+----------------+
; Analysis & Synthesis ; 6-306-10         ; Windows 10 ; 10.0       ; x86_64         ;
; Fitter               ; 6-306-10         ; Windows 10 ; 10.0       ; x86_64         ;
; Assembler            ; 6-306-10         ; Windows 10 ; 10.0       ; x86_64         ;
; Timing Analyzer      ; 6-306-10         ; Windows 10 ; 10.0       ; x86_64         ;
; EDA Netlist Writer   ; 6-306-10         ; Windows 10 ; 10.0       ; x86_64         ;
; EDA Netlist Writer   ; 6-306-10         ; Windows 10 ; 10.0       ; x86_64         ;
; EDA Netlist Writer   ; 6-306-10         ; Windows 10 ; 10.0       ; x86_64         ;
; EDA Netlist Writer   ; 6-306-10         ; Windows 10 ; 10.0       ; x86_64         ;
+----------------------+------------------+------------+------------+----------------+


------------
; Flow Log ;
------------
quartus_map --read_settings_files=on --write_settings_files=off parte3 -c parte3
quartus_fit --read_settings_files=off --write_settings_files=off parte3 -c parte3
quartus_asm --read_settings_files=off --write_settings_files=off parte3 -c parte3
quartus_sta parte3 -c parte3
quartus_eda --gen_testbench --tool=modelsim_oem --format=vhdl --write_settings_files=off parte3 -c parte3 --vector_source=C:/Users/8927418/Desktop/parte3/output_files/Waveform1.vwf --testbench_file=C:/Users/8927418/Desktop/parte3/simulation/qsim/output_files/Waveform1.vwf.vht
quartus_eda --gen_testbench --tool=modelsim_oem --format=vhdl --write_settings_files=off parte3 -c parte3 --vector_source=C:/Users/8927418/Desktop/parte3/output_files/Waveform1.vwf --testbench_file=C:/Users/8927418/Desktop/parte3/simulation/qsim/output_files/Waveform1.vwf.vht
quartus_eda --gen_testbench --tool=modelsim_oem --format=vhdl --write_settings_files=off parte3 -c parte3 --vector_source=C:/Users/8927418/Desktop/parte3/output_files/Waveform2.vwf --testbench_file=C:/Users/8927418/Desktop/parte3/simulation/qsim/output_files/Waveform2.vwf.vht
quartus_eda --gen_testbench --tool=modelsim_oem --format=vhdl --write_settings_files=off parte3 -c parte3 --vector_source=C:/Users/8927418/Desktop/parte3/output_files/Waveform4.vwf --testbench_file=C:/Users/8927418/Desktop/parte3/simulation/qsim/output_files/Waveform4.vwf.vht



